<?xml version="1.0" encoding="UTF-8" ?>
<testsuite failures="0" time="2.25" errors="0" skipped="0" tests="23" name="com.appbasement.persistence.UserJpaDAOTest">
  <properties>
    <property name="java.runtime.name" value="Java(TM) SE Runtime Environment"/>
    <property name="sun.boot.library.path" value="c:\program files\java\default\jre\bin"/>
    <property name="java.vm.version" value="23.25-b01"/>
    <property name="java.vm.vendor" value="Oracle Corporation"/>
    <property name="java.vendor.url" value="http://java.oracle.com/"/>
    <property name="path.separator" value=";"/>
    <property name="guice.disable.misplaced.annotation.check" value="true"/>
    <property name="java.vm.name" value="Java HotSpot(TM) Client VM"/>
    <property name="file.encoding.pkg" value="sun.io"/>
    <property name="user.script" value=""/>
    <property name="user.country" value="CN"/>
    <property name="sun.java.launcher" value="SUN_STANDARD"/>
    <property name="sun.os.patch.level" value="Service Pack 1"/>
    <property name="java.vm.specification.name" value="Java Virtual Machine Specification"/>
    <property name="user.dir" value="E:\云盘同步文件夹\同步文件夹\workspaces\workspace_web\appBasement"/>
    <property name="java.runtime.version" value="1.7.0_25-b17"/>
    <property name="java.awt.graphicsenv" value="sun.awt.Win32GraphicsEnvironment"/>
    <property name="java.endorsed.dirs" value="c:\program files\java\default\jre\lib\endorsed"/>
    <property name="os.arch" value="x86"/>
    <property name="java.io.tmpdir" value="C:\Users\qinghai\AppData\Local\Temp\"/>
    <property name="line.separator" value="
"/>
    <property name="java.vm.specification.vendor" value="Oracle Corporation"/>
    <property name="user.variant" value=""/>
    <property name="os.name" value="Windows 7"/>
    <property name="classworlds.conf" value="E:\云盘同步文件夹\同步文件夹\workspaces\workspace_web\.metadata\.plugins\org.eclipse.m2e.launching\launches\m2conf5753359427440135082.tmp"/>
    <property name="sun.jnu.encoding" value="GBK"/>
    <property name="java.library.path" value="c:\program files\java\default\bin;C:\windows\Sun\Java\bin;C:\windows\system32;C:\windows;C:\app\qinghai\product\11.2.0\dbhome_1\bin;C:\Perl64\site\bin;C:\Perl64\bin;C:\windows\system32;C:\windows;C:\windows\System32\Wbem;C:\windows\System32\WindowsPowerShell\v1.0\;C:\Program Files\WIDCOMM\Bluetooth Software\;C:\Program Files\WIDCOMM\Bluetooth Software\syswow64;C:\Program Files\TortoiseSVN\bin;C:\Program Files\Java\jdk1.7.0_25;C:\Program Files\MySQL\MySQL Enterprise Backup 3.8.2\;C:\Program Files\MySQL\MySQL Server 5.6\bin;E:\workspaces\ovmcode\management_tools\ThirdParty\kits\Ant\apache-ant-1.8.2\bin;C:\Program Files (x86)\Git\bin\;C:\Program Files\MySQL\MySQL Server 5.6\bin;C:\Program Files\Oracle\VirtualBox;E:\Tools\apache-maven-3.1.1\bin;C:\Program Files\Java\jdk1.7.0_25\bin;C:\Program Files (x86)\wkhtmltopdf;."/>
    <property name="java.specification.name" value="Java Platform API Specification"/>
    <property name="java.class.version" value="51.0"/>
    <property name="sun.management.compiler" value="HotSpot Client Compiler"/>
    <property name="os.version" value="6.1"/>
    <property name="user.home" value="C:\Users\qinghai"/>
    <property name="user.timezone" value="Asia/Shanghai"/>
    <property name="java.awt.printerjob" value="sun.awt.windows.WPrinterJob"/>
    <property name="java.specification.version" value="1.7"/>
    <property name="file.encoding" value="GBK"/>
    <property name="user.name" value="qinghai"/>
    <property name="java.class.path" value="/E:/Tools/eclipse-jee-kepler-R-win32-x86_641/eclipse/configuration/org.eclipse.osgi/bundles/531/1/.cp/jars/plexus-classworlds-2.4.jar"/>
    <property name="java.vm.specification.version" value="1.7"/>
    <property name="sun.arch.data.model" value="32"/>
    <property name="java.home" value="c:\program files\java\default\jre"/>
    <property name="sun.java.command" value="org.codehaus.plexus.classworlds.launcher.Launcher -B -s C:\maven_setting\settings.xml test"/>
    <property name="java.specification.vendor" value="Oracle Corporation"/>
    <property name="user.language" value="zh"/>
    <property name="awt.toolkit" value="sun.awt.windows.WToolkit"/>
    <property name="java.vm.info" value="mixed mode, sharing"/>
    <property name="java.version" value="1.7.0_25"/>
    <property name="java.ext.dirs" value="c:\program files\java\default\jre\lib\ext;C:\windows\Sun\Java\lib\ext"/>
    <property name="sun.boot.class.path" value="c:\program files\java\default\jre\lib\resources.jar;c:\program files\java\default\jre\lib\rt.jar;c:\program files\java\default\jre\lib\sunrsasign.jar;c:\program files\java\default\jre\lib\jsse.jar;c:\program files\java\default\jre\lib\jce.jar;c:\program files\java\default\jre\lib\charsets.jar;c:\program files\java\default\jre\lib\jfr.jar;c:\program files\java\default\jre\classes"/>
    <property name="java.vendor" value="Oracle Corporation"/>
    <property name="maven.home" value="E:\云盘同步文件夹\同步文件夹\workspaces\workspace_web\appBasement\EMBEDDED"/>
    <property name="file.separator" value="\"/>
    <property name="java.vendor.url.bug" value="http://bugreport.sun.com/bugreport/"/>
    <property name="maven.bootclasspath" value="/E:/Tools/eclipse-jee-kepler-R-win32-x86_641/eclipse/configuration/org.eclipse.osgi/bundles/531/1/.cp/jars/plexus-classworlds-2.4.jar"/>
    <property name="sun.cpu.endian" value="little"/>
    <property name="sun.io.unicode.encoding" value="UnicodeLittle"/>
    <property name="sun.desktop" value="windows"/>
    <property name="sun.cpu.isalist" value="pentium_pro+mmx pentium_pro pentium+mmx pentium i486 i386 i86"/>
  </properties>
  <testcase time="0.125" classname="[0] 1\u002C DBUnitAssertionWork (testMergeImmutable)(com.appbasement.persistence.UserJpaDAOTest)" name="[0] 1\u002C DBUnitAssertionWork "/>
  <testcase time="0.109" classname="com.appbasement.persistence.UserJpaDAOTest" name="testFindByIDNull"/>
  <testcase time="0.11" classname="[0] 5\u002C [User [username=Carson\u002C email=Vivamus.nibh.dolor@arcuiaculisenim.edu]\u002C User [username=Walker\u002C email=ac.mattis@ut.com]\u002C User [username=Risa\u002C email=ultrices.sit@et.co.uk]] (testFindAll)(com.appbasement.persistence.UserJpaDAOTest)" name="[0] 5\u002C [User [username=Carson\u002C email=Vivamus.nibh.dolor@arcuiaculisenim.edu]\u002C User [username=Walker\u002C email=ac.mattis@ut.com]\u002C User [username=Risa\u002C email=ultrices.sit@et.co.uk]] "/>
  <testcase time="0.124" classname="[0] 1\u002C DBUnitAssertionWork (testMerge)(com.appbasement.persistence.UserJpaDAOTest)" name="[0] 1\u002C DBUnitAssertionWork "/>
  <testcase time="0.111" classname="[0] 1\u002C User [username=Carson\u002C email=Vivamus.nibh.dolor@arcuiaculisenim.edu] (testFindByIdID)(com.appbasement.persistence.UserJpaDAOTest)" name="[0] 1\u002C User [username=Carson\u002C email=Vivamus.nibh.dolor@arcuiaculisenim.edu] "/>
  <testcase time="0.078" classname="[1] 3\u002C User [username=Walker\u002C email=ac.mattis@ut.com] (testFindByIdID)(com.appbasement.persistence.UserJpaDAOTest)" name="[1] 3\u002C User [username=Walker\u002C email=ac.mattis@ut.com] "/>
  <testcase time="0.093" classname="[2] 5\u002C User [username=Risa\u002C email=ultrices.sit@et.co.uk] (testFindByIdID)(com.appbasement.persistence.UserJpaDAOTest)" name="[2] 5\u002C User [username=Risa\u002C email=ultrices.sit@et.co.uk] "/>
  <testcase time="0.094" classname="[0] User [username=testuser\u002C email=testuser@dummy.com]\u002C DBUnitAssertionWork (testPersist)(com.appbasement.persistence.UserJpaDAOTest)" name="[0] User [username=testuser\u002C email=testuser@dummy.com]\u002C DBUnitAssertionWork "/>
  <testcase time="0.078" classname="com.appbasement.persistence.UserJpaDAOTest" name="testPersistNullEntity"/>
  <testcase time="0.078" classname="[0] User [username=null\u002C email=someadd@some.com] (testPersistInvalidEntity)(com.appbasement.persistence.UserJpaDAOTest)" name="[0] User [username=null\u002C email=someadd@some.com] "/>
  <testcase time="0.078" classname="[1] User [username=user1\u002C email=someadd@some.com] (testPersistInvalidEntity)(com.appbasement.persistence.UserJpaDAOTest)" name="[1] User [username=user1\u002C email=someadd@some.com] "/>
  <testcase time="0.078" classname="[2] User [username=null\u002C email=null] (testPersistInvalidEntity)(com.appbasement.persistence.UserJpaDAOTest)" name="[2] User [username=null\u002C email=null] "/>
  <testcase time="0.093" classname="[3] User [username=user\u002C email=null] (testPersistInvalidEntity)(com.appbasement.persistence.UserJpaDAOTest)" name="[3] User [username=user\u002C email=null] "/>
  <testcase time="0.078" classname="[0] 1\u002C User [username=Carson\u002C email=Vivamus.nibh.dolor@arcuiaculisenim.edu] (testGetReference)(com.appbasement.persistence.UserJpaDAOTest)" name="[0] 1\u002C User [username=Carson\u002C email=Vivamus.nibh.dolor@arcuiaculisenim.edu] "/>
  <testcase time="0.094" classname="[1] 3\u002C User [username=Walker\u002C email=ac.mattis@ut.com] (testGetReference)(com.appbasement.persistence.UserJpaDAOTest)" name="[1] 3\u002C User [username=Walker\u002C email=ac.mattis@ut.com] "/>
  <testcase time="0.078" classname="[2] 5\u002C User [username=Risa\u002C email=ultrices.sit@et.co.uk] (testGetReference)(com.appbasement.persistence.UserJpaDAOTest)" name="[2] 5\u002C User [username=Risa\u002C email=ultrices.sit@et.co.uk] "/>
  <testcase time="0.079" classname="com.appbasement.persistence.UserJpaDAOTest" name="testRemoveNull"/>
  <testcase time="0.078" classname="[0] 0 (testRemoveInvalid)(com.appbasement.persistence.UserJpaDAOTest)" name="[0] 0 "/>
  <testcase time="0.078" classname="[1] 1000 (testRemoveInvalid)(com.appbasement.persistence.UserJpaDAOTest)" name="[1] 1000 "/>
  <testcase time="0.078" classname="[2] -1000 (testRemoveInvalid)(com.appbasement.persistence.UserJpaDAOTest)" name="[2] -1000 "/>
  <testcase time="0.078" classname="[0] -10000\u002C null (testGetReferenceNotFound)(com.appbasement.persistence.UserJpaDAOTest)" name="[0] -10000\u002C null "/>
  <testcase time="0.078" classname="[1] 0\u002C null (testGetReferenceNotFound)(com.appbasement.persistence.UserJpaDAOTest)" name="[1] 0\u002C null "/>
  <testcase time="0.095" classname="[0] 1 (testRemove)(com.appbasement.persistence.UserJpaDAOTest)" name="[0] 1 "/>
</testsuite>